2018-11-20 18:11:48,460:DEBUG http-nio-8090-exec-1 (BaseJdbcLogger.java:159) - ==>  Preparing: SELECT id,user_id,user_name,password,nick_name,phone,email,create_time,update_time,create_by,update_by,remarks,is_valid FROM user WHERE id = ? 
2018-11-20 18:11:48,487:DEBUG http-nio-8090-exec-1 (BaseJdbcLogger.java:159) - ==> Parameters: 1(Integer)
2018-11-20 18:11:48,504:TRACE http-nio-8090-exec-1 (BaseJdbcLogger.java:165) - <==    Columns: id, user_id, user_name, password, nick_name, phone, email, create_time, update_time, create_by, update_by, remarks, is_valid
2018-11-20 18:11:48,505:TRACE http-nio-8090-exec-1 (BaseJdbcLogger.java:165) - <==        Row: 1, 111, 11, null, 232fds, null, null, 2018-11-12 15:13:55.0, null, null, null, null, 1
2018-11-20 18:11:48,508:DEBUG http-nio-8090-exec-1 (BaseJdbcLogger.java:159) - <==      Total: 1
2018-11-20 18:11:48,515:DEBUG http-nio-8090-exec-1 (BaseJdbcLogger.java:159) - ==>  Preparing: SELECT id, user_id, user_name, nick_name, phone, email, create_time FROM user WHERE (is_valid = 1) 
2018-11-20 18:11:48,515:DEBUG http-nio-8090-exec-1 (BaseJdbcLogger.java:159) - ==> Parameters: 
2018-11-20 18:11:48,517:TRACE http-nio-8090-exec-1 (BaseJdbcLogger.java:165) - <==    Columns: id, user_id, user_name, nick_name, phone, email, create_time
2018-11-20 18:11:48,517:TRACE http-nio-8090-exec-1 (BaseJdbcLogger.java:165) - <==        Row: 1, 111, 11, 232fds, null, null, 2018-11-12 15:13:55.0
2018-11-20 18:11:48,520:TRACE http-nio-8090-exec-1 (BaseJdbcLogger.java:165) - <==        Row: 2, 22, 22, 22dds, null, null, 2018-11-12 15:14:21.0
2018-11-20 18:11:48,521:TRACE http-nio-8090-exec-1 (BaseJdbcLogger.java:165) - <==        Row: 3, 111, 1, 11, null, null, 2018-11-20 17:28:09.0
2018-11-20 18:11:48,522:DEBUG http-nio-8090-exec-1 (BaseJdbcLogger.java:159) - <==      Total: 3
2018-11-20 18:11:48,524:DEBUG http-nio-8090-exec-1 (BaseJdbcLogger.java:159) - ==>  Preparing: SELECT id, user_id, user_name, nick_name, phone, email, create_time FROM user WHERE (is_valid = 1) 
2018-11-20 18:11:48,524:DEBUG http-nio-8090-exec-1 (BaseJdbcLogger.java:159) - ==> Parameters: 
2018-11-20 18:11:48,526:TRACE http-nio-8090-exec-1 (BaseJdbcLogger.java:165) - <==    Columns: id, user_id, user_name, nick_name, phone, email, create_time
2018-11-20 18:11:48,526:TRACE http-nio-8090-exec-1 (BaseJdbcLogger.java:165) - <==        Row: 1, 111, 11, 232fds, null, null, 2018-11-12 15:13:55.0
2018-11-20 18:11:48,527:TRACE http-nio-8090-exec-1 (BaseJdbcLogger.java:165) - <==        Row: 2, 22, 22, 22dds, null, null, 2018-11-12 15:14:21.0
2018-11-20 18:11:48,528:TRACE http-nio-8090-exec-1 (BaseJdbcLogger.java:165) - <==        Row: 3, 111, 1, 11, null, null, 2018-11-20 17:28:09.0
2018-11-20 18:11:48,528:DEBUG http-nio-8090-exec-1 (BaseJdbcLogger.java:159) - <==      Total: 3
2018-11-20 18:11:48,529:DEBUG http-nio-8090-exec-1 (BaseJdbcLogger.java:159) - ==>  Preparing: SELECT id, user_id, user_name, nick_name, phone, email, create_time FROM user WHERE (is_valid = 1 AND user_id = ?) 
2018-11-20 18:11:48,529:DEBUG http-nio-8090-exec-1 (BaseJdbcLogger.java:159) - ==> Parameters: 111(String)
2018-11-20 18:11:48,530:TRACE http-nio-8090-exec-1 (BaseJdbcLogger.java:165) - <==    Columns: id, user_id, user_name, nick_name, phone, email, create_time
2018-11-20 18:11:48,531:TRACE http-nio-8090-exec-1 (BaseJdbcLogger.java:165) - <==        Row: 1, 111, 11, 232fds, null, null, 2018-11-12 15:13:55.0
2018-11-20 18:11:48,531:TRACE http-nio-8090-exec-1 (BaseJdbcLogger.java:165) - <==        Row: 3, 111, 1, 11, null, null, 2018-11-20 17:28:09.0
2018-11-20 18:11:48,532:DEBUG http-nio-8090-exec-1 (BaseJdbcLogger.java:159) - <==      Total: 2
2018-11-20 18:11:48,533:DEBUG http-nio-8090-exec-1 (BaseJdbcLogger.java:159) - ==>  Preparing: select * from user where user_id = ? 
2018-11-20 18:11:48,534:DEBUG http-nio-8090-exec-1 (BaseJdbcLogger.java:159) - ==> Parameters: 111(String)
2018-11-20 18:11:48,535:TRACE http-nio-8090-exec-1 (BaseJdbcLogger.java:165) - <==    Columns: id, user_id, user_name, password, nick_name, phone, email, create_time, update_time, create_by, update_by, remarks, is_valid
2018-11-20 18:11:48,536:TRACE http-nio-8090-exec-1 (BaseJdbcLogger.java:165) - <==        Row: 1, 111, 11, null, 232fds, null, null, 2018-11-12 15:13:55.0, null, null, null, null, 1
2018-11-20 18:11:48,538:TRACE http-nio-8090-exec-1 (BaseJdbcLogger.java:165) - <==        Row: 3, 111, 1, null, 11, null, null, 2018-11-20 17:28:09.0, null, null, null, null, 1
2018-11-20 18:11:48,540:DEBUG http-nio-8090-exec-1 (BaseJdbcLogger.java:159) - <==      Total: 2
